<?xml version="1.0" encoding="UTF-8"?>
<!-- Generated by org.testng.reporters.JUnitReportReporter -->
<testsuite hostname="DESKTOP-KJ64TGO" failures="0" tests="1" name="testCases.TC001_AccountRegistrationTest" time="8.187" errors="0" timestamp="2025-08-26T18:55:27 CST" skipped="0">
  <testcase classname="testCases.TC001_AccountRegistrationTest" name="verify_account_registration" time="8.187"/>
</testsuite> <!-- testCases.TC001_AccountRegistrationTest -->
