<?xml version="1.0" encoding="UTF-8"?>
<!-- Generated by org.testng.reporters.JUnitReportReporter -->
<testsuite hostname="DESKTOP-KJ64TGO" failures="0" tests="1" name="testCases.TC001_AccountRegistrationTest" time="6.797" errors="0" timestamp="2025-08-26T21:03:09 CST" skipped="0">
  <testcase classname="testCases.TC001_AccountRegistrationTest" name="verify_account_registration" time="6.797"/>
</testsuite> <!-- testCases.TC001_AccountRegistrationTest -->
