<?xml version="1.0" encoding="UTF-8"?>
<!-- Generated by org.testng.reporters.JUnitReportReporter -->
<testsuite hostname="DESKTOP-KJ64TGO" failures="0" tests="1" name="testCases.TC002_LoginTest" time="1.360" errors="0" timestamp="2025-08-26T21:03:09 CST" skipped="0">
  <testcase classname="testCases.TC002_LoginTest" name="verify_login" time="1.360"/>
</testsuite> <!-- testCases.TC002_LoginTest -->
